********************************************************************************
product = WebSphere Application Server 17.0.0.1 (wlp-1.0.16.cl170120170227-0220)
wlp.install.dir = /project/target/liberty/wlp/
java.home = /opt/ibm/java/jre
java.version = 1.8.0
java.runtime = Java(TM) SE Runtime Environment (pxa6480sr4fp10-20170727_01 (SR4 FP10))
os = Linux (4.4.0-93-generic; amd64) (en_US)
process = 140@7c96066c889e
********************************************************************************
[9/4/17 9:00:31:170 UTC] 00000001 com.ibm.ws.kernel.launch.internal.FrameworkManager           A CWWKE0001I: The server defaultServer has been launched.
[9/4/17 9:00:31:187 UTC] 00000001 com.ibm.ws.kernel.launch.internal.FrameworkManager           A CWWKE0100I: This product is licensed for development, and limited production use. The full license terms can be viewed here: https://public.dhe.ibm.com/ibmdl/export/pub/software/websphere/wasdev/license/base_ilan/ilan/17.0.0.1/lafiles/en.html
[9/4/17 9:00:35:306 UTC] 00000001 com.ibm.ws.kernel.launch.internal.FrameworkManager           I CWWKE0002I: The kernel started after 4.512 seconds
[9/4/17 9:00:35:413 UTC] 00000022 com.ibm.ws.kernel.feature.internal.FeatureManager            I CWWKF0007I: Feature update started.
[9/4/17 9:00:38:205 UTC] 0000001b com.ibm.ws.app.manager.internal.monitor.DropinMonitor        A CWWKZ0058I: Monitoring dropins for applications. 
[9/4/17 9:00:38:455 UTC] 00000023 com.ibm.ws.tcpchannel.internal.TCPChannel                    I CWWKO0219I: TCP Channel defaultHttpEndpoint has been started and is now listening for requests on host *  (IPv4) port 9080.
[9/4/17 9:00:39:103 UTC] 00000027 com.ibm.ws.app.manager.AppMessageHelper                      I CWWKZ0018I: Starting application kgfirstapp-1.0-SNAPSHOT.
[9/4/17 9:00:39:535 UTC] 00000027 com.ibm.ws.session.WASSessionCore                            I SESN8501I: The session manager did not find a persistent storage location; HttpSession objects will be stored in the local application server's memory.
[9/4/17 9:00:39:601 UTC] 00000027 org.jboss.weld.Version                                       I WELD-000900: 2.4.0 (Final)
[9/4/17 9:00:40:363 UTC] 00000027 com.ibm.ws.webcontainer.osgi.webapp.WebGroup                 I SRVE0169I: Loading Web Module: kgfirstapp-1.0-SNAPSHOT.
[9/4/17 9:00:40:366 UTC] 00000027 com.ibm.ws.webcontainer                                      I SRVE0250I: Web Module kgfirstapp-1.0-SNAPSHOT has been bound to default_host.
[9/4/17 9:00:40:367 UTC] 00000027 com.ibm.ws.http.internal.VirtualHostImpl                     A CWWKT0016I: Web application available (default_host): http://7c96066c889e:9080/kgfirstapp/
[9/4/17 9:00:40:377 UTC] 00000027 com.ibm.ws.app.manager.AppMessageHelper                      A CWWKZ0001I: Application kgfirstapp-1.0-SNAPSHOT started in 1.274 seconds.
[9/4/17 9:00:40:446 UTC] 00000029 com.ibm.ws.session.WASSessionCore                            I SESN0176I: A new session context will be created for application key default_host/kgfirstapp
[9/4/17 9:00:40:458 UTC] 00000022 com.ibm.ws.kernel.feature.internal.FeatureManager            A CWWKF0012I: The server installed the following features: [servlet-3.1, jndi-1.0, json-1.0, cdi-1.2, jsonp-1.0, jaxrs-2.0, jaxrsClient-2.0].
[9/4/17 9:00:40:459 UTC] 00000022 com.ibm.ws.kernel.feature.internal.FeatureManager            I CWWKF0008I: Feature update completed in 5.154 seconds.
[9/4/17 9:00:40:459 UTC] 00000022 com.ibm.ws.kernel.feature.internal.FeatureManager            A CWWKF0011I: The server defaultServer is ready to run a smarter planet.
[9/4/17 9:00:40:526 UTC] 00000029 com.ibm.ws.util                                              I SESN0172I: The session manager is using the Java default SecureRandom implementation for session ID generation.
[9/4/17 9:00:40:657 UTC] 00000026 com.ibm.ws.webcontainer.osgi.mbeans.PluginGenerator          I SRVE9103I: A configuration file for a web server plugin was automatically generated for this server at /project/target/liberty/wlp/usr/servers/defaultServer/logs/state/plugin-cfg.xml.
[9/4/17 9:00:44:003 UTC] 00000026 .ibm.ws.jaxrs.2.0.common:1.0.16.cl170120170227-0220(id=115)] I Setting the server's publish address to be /
[9/4/17 9:00:44:275 UTC] 00000026 com.ibm.ws.webcontainer.servlet                              I SRVE0242I: [kgfirstapp-1.0-SNAPSHOT] [/kgfirstapp] [application.rest.JaxrsApplication]: Initialization successful.
[9/4/17 9:00:44:620 UTC] 00000018 com.ibm.ws.kernel.launch.internal.ServerCommandListener      A CWWKE0055I: Server shutdown requested on Monday, September 4, 2017 at 9:00 AM. The server defaultServer is shutting down.
[9/4/17 9:00:44:624 UTC] 00000033 com.ibm.ws.runtime.update.internal.RuntimeUpdateManagerImpl  A CWWKE1100I: Waiting for up to 30 seconds for the server to quiesce.
[9/4/17 9:00:44:628 UTC] 00000034 com.ibm.ws.tcpchannel.internal.TCPChannel                    I CWWKO0220I: TCP Channel defaultHttpEndpoint has stopped listening for requests on host *  (IPv4) port 9080.
[9/4/17 9:00:44:636 UTC] 00000034 com.ibm.ws.http.internal.VirtualHostImpl                     A CWWKT0017I: Web application removed (default_host): http://7c96066c889e:9080/kgfirstapp/
[9/4/17 9:00:44:640 UTC] 00000033 com.ibm.ws.runtime.update.internal.RuntimeUpdateManagerImpl  I CWWKE1101I: Server quiesce complete.
[9/4/17 9:00:44:659 UTC] 00000023 com.ibm.ws.webcontainer.servlet                              I SRVE0253I: [kgfirstapp-1.0-SNAPSHOT] [/kgfirstapp] [application.rest.JaxrsApplication]: Destroy successful.
[9/4/17 9:00:44:672 UTC] 00000023 com.ibm.ws.app.manager.AppMessageHelper                      A CWWKZ0009I: The application kgfirstapp-1.0-SNAPSHOT has stopped successfully.
[9/4/17 9:00:45:134 UTC] 00000001 com.ibm.ws.kernel.launch.internal.FrameworkManager           A CWWKE0036I: The server defaultServer stopped after 14.342 seconds.
